<?xml version="1.0" encoding="UTF-8"?>
<!-- Generated by org.testng.reporters.JUnitReportReporter -->
<testsuite hostname="DESKTOP-3BH4P0N" failures="0" tests="1" name="TestRunner" time="4.564" errors="0" timestamp="2023-06-22T22:11:15 EDT" skipped="0">
  <testcase classname="TestRunner" name="runScenario" time="4.564"/>
</testsuite> <!-- TestRunner -->
